2016/10/12 11:22:49 INFO  - jmeter.util.JMeterUtils: Setting Locale to en_US 
2016/10/12 11:22:49 INFO  - jmeter.JMeter: Loading user properties from: /Users/imamchishty/development/runtime/jmeter/apache-jmeter-2.13/bin/user.properties 
2016/10/12 11:22:49 INFO  - jmeter.JMeter: Loading system properties from: /Users/imamchishty/development/runtime/jmeter/apache-jmeter-2.13/bin/system.properties 
2016/10/12 11:22:49 INFO  - jmeter.JMeter: Copyright (c) 1998-2015 The Apache Software Foundation 
2016/10/12 11:22:49 INFO  - jmeter.JMeter: Version 2.13 r1665067 
2016/10/12 11:22:49 INFO  - jmeter.JMeter: java.version=1.8.0_51 
2016/10/12 11:22:49 INFO  - jmeter.JMeter: java.vm.name=Java HotSpot(TM) 64-Bit Server VM 
2016/10/12 11:22:49 INFO  - jmeter.JMeter: os.name=Mac OS X 
2016/10/12 11:22:49 INFO  - jmeter.JMeter: os.arch=x86_64 
2016/10/12 11:22:49 INFO  - jmeter.JMeter: os.version=10.10.5 
2016/10/12 11:22:49 INFO  - jmeter.JMeter: file.encoding=UTF-8 
2016/10/12 11:22:49 INFO  - jmeter.JMeter: Default Locale=English (United States) 
2016/10/12 11:22:49 INFO  - jmeter.JMeter: JMeter  Locale=English (United States) 
2016/10/12 11:22:49 INFO  - jmeter.JMeter: JMeterHome=/Users/imamchishty/development/runtime/jmeter/apache-jmeter-2.13 
2016/10/12 11:22:49 INFO  - jmeter.JMeter: user.dir  =/Users/imamchishty/development/projects/emc/ing/demo/hello-world/hello-world-rest 
2016/10/12 11:22:49 INFO  - jmeter.JMeter: PWD       =/Users/imamchishty/development/projects/emc/ing/demo/hello-world/hello-world-rest 
2016/10/12 11:22:49 INFO  - jmeter.JMeter: IP: 10.69.75.40 Name: Imam-Pivotal.local FullName: 10.69.75.40 
2016/10/12 11:22:50 INFO  - jmeter.gui.action.LookAndFeelCommand: Using look and feel: com.apple.laf.AquaLookAndFeel [Mac OS X, System] 
2016/10/12 11:22:50 INFO  - jmeter.JMeter: Loaded icon properties from org/apache/jmeter/images/icon.properties 
2016/10/12 11:22:51 INFO  - jmeter.engine.util.CompoundVariable: Note: Function class names must contain the string: '.functions.' 
2016/10/12 11:22:51 INFO  - jmeter.engine.util.CompoundVariable: Note: Function class names must not contain the string: '.gui.' 
2016/10/12 11:22:52 INFO  - jmeter.util.BSFTestElement: Registering JMeter version of JavaScript engine as work-round for BSF-22 
2016/10/12 11:22:52 INFO  - jmeter.protocol.http.sampler.HTTPSamplerBase: Cannot find .className property for htmlParser, using default 
2016/10/12 11:22:52 INFO  - jmeter.protocol.http.sampler.HTTPSamplerBase: Parser for text/html is  
2016/10/12 11:22:52 INFO  - jmeter.protocol.http.sampler.HTTPSamplerBase: Parser for application/xhtml+xml is  
2016/10/12 11:22:52 INFO  - jmeter.protocol.http.sampler.HTTPSamplerBase: Parser for application/xml is  
2016/10/12 11:22:52 INFO  - jmeter.protocol.http.sampler.HTTPSamplerBase: Parser for text/xml is  
2016/10/12 11:22:52 INFO  - jmeter.protocol.http.sampler.HTTPSamplerBase: Parser for text/vnd.wap.wml is org.apache.jmeter.protocol.http.parser.RegexpHTMLParser 
2016/10/12 11:22:52 INFO  - jmeter.gui.util.MenuFactory: Skipping org.apache.jmeter.protocol.http.control.gui.WebServiceSamplerGui 
2016/10/12 11:22:52 INFO  - jmeter.gui.util.MenuFactory: Skipping org.apache.jmeter.protocol.http.modifier.gui.ParamModifierGui 
2016/10/12 11:22:52 INFO  - jorphan.exec.KeyToolUtils: keytool found at 'keytool' 
2016/10/12 11:22:52 INFO  - jmeter.protocol.http.proxy.ProxyControl: HTTP(S) Test Script Recorder SSL Proxy will use keys that support embedded 3rd party resources in file /Users/imamchishty/development/runtime/jmeter/apache-jmeter-2.13/bin/proxyserver.jks 
2016/10/12 11:22:52 INFO  - jmeter.samplers.SampleResult: Note: Sample TimeStamps are START times 
2016/10/12 11:22:52 INFO  - jmeter.samplers.SampleResult: sampleresult.default.encoding is set to ISO-8859-1 
2016/10/12 11:22:52 INFO  - jmeter.samplers.SampleResult: sampleresult.useNanoTime=true 
2016/10/12 11:22:52 INFO  - jmeter.samplers.SampleResult: sampleresult.nanoThreadSleep=5000 
2016/10/12 11:23:01 INFO  - jmeter.services.FileServer: Default base='/Users/imamchishty/development/projects/emc/ing/demo/hello-world/hello-world-rest' 
2016/10/12 11:23:01 INFO  - jmeter.gui.action.Load: Loading file: /Users/imamchishty/development/projects/emc/ing/demo/hello-world/hello-world-rest/src/test/jmeter/Microservice test plan.jmx 
2016/10/12 11:23:01 INFO  - jmeter.services.FileServer: Set new base='/Users/imamchishty/development/projects/emc/ing/demo/hello-world/hello-world-rest/src/test/jmeter' 
2016/10/12 11:23:01 INFO  - jmeter.save.SaveService: Testplan (JMX) version: 2.2. Testlog (JTL) version: 2.2 
2016/10/12 11:23:01 INFO  - jmeter.save.SaveService: Using SaveService properties file encoding UTF-8 
2016/10/12 11:23:01 INFO  - jmeter.save.SaveService: Using SaveService properties file version 1656252 
2016/10/12 11:23:01 INFO  - jmeter.save.SaveService: Using SaveService properties version 2.8 
2016/10/12 11:23:01 INFO  - jmeter.save.SaveService: All converter versions present and correct 
2016/10/12 11:23:01 INFO  - jmeter.save.SaveService: Loading file: /Users/imamchishty/development/projects/emc/ing/demo/hello-world/hello-world-rest/src/test/jmeter/Microservice test plan.jmx 
2016/10/12 11:23:01 INFO  - jmeter.services.FileServer: Set new base='/Users/imamchishty/development/projects/emc/ing/demo/hello-world/hello-world-rest/src/test/jmeter' 
2016/10/12 11:23:07 INFO  - jmeter.engine.StandardJMeterEngine: Listeners will be started after enabling running version 
2016/10/12 11:23:07 INFO  - jmeter.engine.StandardJMeterEngine: To revert to the earlier behaviour, define jmeterengine.startlistenerslater=false 
2016/10/12 11:23:07 INFO  - jmeter.engine.StandardJMeterEngine: Running the test! 
2016/10/12 11:23:07 INFO  - jmeter.samplers.SampleEvent: List of sample_variables: [] 
2016/10/12 11:23:07 INFO  - jmeter.samplers.SampleEvent: List of sample_variables: [] 
2016/10/12 11:23:07 INFO  - jmeter.gui.util.JMeterMenuBar: setRunning(true,*local*) 
2016/10/12 11:23:07 INFO  - jmeter.engine.StandardJMeterEngine: Starting ThreadGroup: 1 : Ping Controller Thread Group 
2016/10/12 11:23:07 INFO  - jmeter.engine.StandardJMeterEngine: Starting 10 threads for group Ping Controller Thread Group. 
2016/10/12 11:23:07 INFO  - jmeter.engine.StandardJMeterEngine: Thread will continue on error 
2016/10/12 11:23:07 INFO  - jmeter.threads.ThreadGroup: Starting thread group number 1 threads 10 ramp-up 1 perThread 100.0 delayedStart=false 
2016/10/12 11:23:07 INFO  - jmeter.threads.JMeterThread: jmeterthread.startearlier=true (see jmeter.properties) 
2016/10/12 11:23:07 INFO  - jmeter.threads.JMeterThread: Running PostProcessors in forward order 
2016/10/12 11:23:07 INFO  - jmeter.threads.JMeterThread: Thread started: Ping Controller Thread Group 1-1 
2016/10/12 11:23:07 INFO  - jmeter.threads.ThreadGroup: Started thread group number 1 
2016/10/12 11:23:07 INFO  - jmeter.engine.StandardJMeterEngine: All thread groups have been started 
2016/10/12 11:23:07 INFO  - jmeter.protocol.http.sampler.HTTPHCAbstractImpl: Local host = Imam-Pivotal.local 
2016/10/12 11:23:07 INFO  - jmeter.protocol.http.sampler.HTTPHC4Impl: HTTP request retry count = 0 
2016/10/12 11:23:07 INFO  - jmeter.protocol.http.sampler.HTTPHC4Impl: Setting up HTTPS TrustAll scheme 
2016/10/12 11:23:07 INFO  - jmeter.util.JsseSSLManager: Using default SSL protocol: TLS 
2016/10/12 11:23:07 INFO  - jmeter.util.JsseSSLManager: SSL session context: per-thread 
2016/10/12 11:23:07 INFO  - jmeter.threads.JMeterThread: Thread started: Ping Controller Thread Group 1-2 
2016/10/12 11:23:08 INFO  - jmeter.threads.JMeterThread: Thread started: Ping Controller Thread Group 1-3 
2016/10/12 11:23:08 INFO  - jmeter.threads.JMeterThread: Thread started: Ping Controller Thread Group 1-4 
2016/10/12 11:23:08 INFO  - jmeter.threads.JMeterThread: Thread started: Ping Controller Thread Group 1-5 
2016/10/12 11:23:08 INFO  - jmeter.threads.JMeterThread: Thread is done: Ping Controller Thread Group 1-1 
2016/10/12 11:23:08 INFO  - jmeter.threads.JMeterThread: Thread finished: Ping Controller Thread Group 1-1 
2016/10/12 11:23:08 INFO  - jmeter.threads.JMeterThread: Thread is done: Ping Controller Thread Group 1-2 
2016/10/12 11:23:08 INFO  - jmeter.threads.JMeterThread: Thread finished: Ping Controller Thread Group 1-2 
2016/10/12 11:23:08 INFO  - jmeter.threads.JMeterThread: Thread is done: Ping Controller Thread Group 1-3 
2016/10/12 11:23:08 INFO  - jmeter.threads.JMeterThread: Thread is done: Ping Controller Thread Group 1-5 
2016/10/12 11:23:08 INFO  - jmeter.threads.JMeterThread: Thread finished: Ping Controller Thread Group 1-3 
2016/10/12 11:23:08 INFO  - jmeter.threads.JMeterThread: Thread is done: Ping Controller Thread Group 1-4 
2016/10/12 11:23:08 INFO  - jmeter.threads.JMeterThread: Thread finished: Ping Controller Thread Group 1-5 
2016/10/12 11:23:08 INFO  - jmeter.threads.JMeterThread: Thread finished: Ping Controller Thread Group 1-4 
2016/10/12 11:23:08 INFO  - jmeter.threads.JMeterThread: Thread started: Ping Controller Thread Group 1-6 
2016/10/12 11:23:08 INFO  - jmeter.threads.JMeterThread: Thread is done: Ping Controller Thread Group 1-6 
2016/10/12 11:23:08 INFO  - jmeter.threads.JMeterThread: Thread finished: Ping Controller Thread Group 1-6 
2016/10/12 11:23:08 INFO  - jmeter.threads.JMeterThread: Thread started: Ping Controller Thread Group 1-7 
2016/10/12 11:23:08 INFO  - jmeter.threads.JMeterThread: Thread is done: Ping Controller Thread Group 1-7 
2016/10/12 11:23:08 INFO  - jmeter.threads.JMeterThread: Thread finished: Ping Controller Thread Group 1-7 
2016/10/12 11:23:08 INFO  - jmeter.threads.JMeterThread: Thread started: Ping Controller Thread Group 1-8 
2016/10/12 11:23:08 INFO  - jmeter.threads.JMeterThread: Thread is done: Ping Controller Thread Group 1-8 
2016/10/12 11:23:08 INFO  - jmeter.threads.JMeterThread: Thread finished: Ping Controller Thread Group 1-8 
2016/10/12 11:23:08 INFO  - jmeter.threads.JMeterThread: Thread started: Ping Controller Thread Group 1-9 
2016/10/12 11:23:08 INFO  - jmeter.threads.JMeterThread: Thread is done: Ping Controller Thread Group 1-9 
2016/10/12 11:23:08 INFO  - jmeter.threads.JMeterThread: Thread finished: Ping Controller Thread Group 1-9 
2016/10/12 11:23:08 INFO  - jmeter.threads.JMeterThread: Thread started: Ping Controller Thread Group 1-10 
2016/10/12 11:23:08 INFO  - jmeter.threads.JMeterThread: Thread is done: Ping Controller Thread Group 1-10 
2016/10/12 11:23:08 INFO  - jmeter.threads.JMeterThread: Thread finished: Ping Controller Thread Group 1-10 
2016/10/12 11:23:08 INFO  - jmeter.engine.StandardJMeterEngine: Notifying test listeners of end of test 
2016/10/12 11:23:08 INFO  - jmeter.gui.util.JMeterMenuBar: setRunning(false,*local*) 
